19:18:49.783 [main] INFO com.dawei.common.utils.DotenvLoader -- 已从项目根目录加载 .env 配置

  .   ____          _            __ _ _
 /\\ / ___'_ __ _ _(_)_ __  __ _ \ \ \ \
( ( )\___ | '_ | '_| | '_ \/ _` | \ \ \ \
 \\/  ___)| |_)| | | | | || (_| |  ) ) ) )
  '  |____| .__|_| |_|_| |_\__, | / / / /
 =========|_|==============|___/=/_/_/_/

 :: Spring Boot ::               (v3.5.11)

2026-03-18T19:18:50.114+08:00  INFO 83300 --- [us-stock-monitor-web] [           main] com.dawei.Application                    : Starting Application v1.0-SNAPSHOT using Java 21.0.9 with PID 83300 (/Users/dawei/Documents/code/stock_monitor/stock-web/target/stock-web-1.0-SNAPSHOT.jar started by dawei in /Users/dawei/Documents/code/stock_monitor)
2026-03-18T19:18:50.115+08:00  INFO 83300 --- [us-stock-monitor-web] [           main] com.dawei.Application                    : The following 1 profile is active: "prod"
2026-03-18T19:18:50.872+08:00  WARN 83300 --- [us-stock-monitor-web] [           main] o.m.s.mapper.ClassPathMapperScanner      : Skipping MapperFactoryBean with name 'AStockRssMapper' and 'com.dawei.mapper.AStockRssMapper' mapperInterface. Bean already defined with the same name!
2026-03-18T19:18:50.872+08:00  WARN 83300 --- [us-stock-monitor-web] [           main] o.m.s.mapper.ClassPathMapperScanner      : Skipping MapperFactoryBean with name 'macroNewsRawMapper' and 'com.dawei.mapper.MacroNewsRawMapper' mapperInterface. Bean already defined with the same name!
2026-03-18T19:18:50.872+08:00  WARN 83300 --- [us-stock-monitor-web] [           main] o.m.s.mapper.ClassPathMapperScanner      : Skipping MapperFactoryBean with name 'macroThemeEventMapper' and 'com.dawei.mapper.MacroThemeEventMapper' mapperInterface. Bean already defined with the same name!
2026-03-18T19:18:50.872+08:00  WARN 83300 --- [us-stock-monitor-web] [           main] o.m.s.mapper.ClassPathMapperScanner      : Skipping MapperFactoryBean with name 'macroThemeStockRelMapper' and 'com.dawei.mapper.MacroThemeStockRelMapper' mapperInterface. Bean already defined with the same name!
2026-03-18T19:18:50.872+08:00  WARN 83300 --- [us-stock-monitor-web] [           main] o.m.s.mapper.ClassPathMapperScanner      : Skipping MapperFactoryBean with name 'themeAutoPoolCandidateMapper' and 'com.dawei.mapper.ThemeAutoPoolCandidateMapper' mapperInterface. Bean already defined with the same name!
2026-03-18T19:18:50.872+08:00  WARN 83300 --- [us-stock-monitor-web] [           main] o.m.s.mapper.ClassPathMapperScanner      : Skipping MapperFactoryBean with name 'themeWatchlistMapper' and 'com.dawei.mapper.ThemeWatchlistMapper' mapperInterface. Bean already defined with the same name!
2026-03-18T19:18:50.872+08:00  WARN 83300 --- [us-stock-monitor-web] [           main] o.m.s.mapper.ClassPathMapperScanner      : Skipping MapperFactoryBean with name 'USStockRssMapper' and 'com.dawei.mapper.USStockRssMapper' mapperInterface. Bean already defined with the same name!
2026-03-18T19:18:50.873+08:00  WARN 83300 --- [us-stock-monitor-web] [           main] o.m.s.mapper.ClassPathMapperScanner      : No MyBatis mapper was found in '[com.dawei.mapper]' package. Please check your configuration.
2026-03-18T19:18:51.190+08:00  INFO 83300 --- [us-stock-monitor-web] [           main] o.s.b.w.embedded.tomcat.TomcatWebServer  : Tomcat initialized with port 8888 (http)
2026-03-18T19:18:51.200+08:00  INFO 83300 --- [us-stock-monitor-web] [           main] o.apache.catalina.core.StandardService   : Starting service [Tomcat]
2026-03-18T19:18:51.200+08:00  INFO 83300 --- [us-stock-monitor-web] [           main] o.apache.catalina.core.StandardEngine    : Starting Servlet engine: [Apache Tomcat/10.1.52]
2026-03-18T19:18:51.215+08:00  INFO 83300 --- [us-stock-monitor-web] [           main] o.a.c.c.C.[Tomcat].[localhost].[/]       : Initializing Spring embedded WebApplicationContext
2026-03-18T19:18:51.216+08:00  INFO 83300 --- [us-stock-monitor-web] [           main] w.s.c.ServletWebServerApplicationContext : Root WebApplicationContext: initialization completed in 959 ms
 _ _   |_  _ _|_. ___ _ |    _ 
| | |\/|_)(_| | |_\  |_)||_|_\ 
     /               |         
                        3.5.14 
2026-03-18T19:18:51.976+08:00  INFO 83300 --- [us-stock-monitor-web] [           main] com.dawei.config.AsyncConfig             : 异步通知线程池初始化完成
2026-03-18T19:18:52.106+08:00  INFO 83300 --- [us-stock-monitor-web] [           main] m.e.s.MybatisPlusApplicationContextAware : Register ApplicationContext instances org.springframework.boot.web.servlet.context.AnnotationConfigServletWebServerApplicationContext@7c098bb3
2026-03-18T19:18:52.253+08:00  INFO 83300 --- [us-stock-monitor-web] [           main] o.s.b.a.e.web.EndpointLinksResolver      : Exposing 1 endpoint beneath base path '/actuator'
2026-03-18T19:18:52.286+08:00  INFO 83300 --- [us-stock-monitor-web] [           main] o.s.b.w.embedded.tomcat.TomcatWebServer  : Tomcat started on port 8888 (http) with context path '/'
2026-03-18T19:18:52.298+08:00  INFO 83300 --- [us-stock-monitor-web] [           main] com.dawei.Application                    : Started Application in 2.426 seconds (process running for 2.717)
2026-03-18T19:18:52.336+08:00  INFO 83300 --- [us-stock-monitor-web] [           main] com.dawei.StartupRunner                  : ========== 项目启动，执行初始化数据抓取任务 ==========
2026-03-18T19:18:52.336+08:00  INFO 83300 --- [us-stock-monitor-web] [           main] com.dawei.StartupRunner                  : 【启动任务】美股后台任务已关闭，跳过启动补抓
2026-03-18T19:18:52.336+08:00  INFO 83300 --- [us-stock-monitor-web] [           main] com.dawei.StartupRunner                  : 【启动任务】开始执行A股低频数据抓取...
2026-03-18T19:18:52.610+08:00  INFO 83300 --- [us-stock-monitor-web] [           main] com.zaxxer.hikari.HikariDataSource       : DataSourceHikariCP - Starting...
2026-03-18T19:18:52.748+08:00  INFO 83300 --- [us-stock-monitor-web] [           main] com.zaxxer.hikari.pool.HikariPool        : DataSourceHikariCP - Added connection com.mysql.cj.jdbc.ConnectionImpl@5418a659
2026-03-18T19:18:52.751+08:00  INFO 83300 --- [us-stock-monitor-web] [           main] com.zaxxer.hikari.HikariDataSource       : DataSourceHikariCP - Start completed.
2026-03-18T19:18:52.845+08:00  INFO 83300 --- [us-stock-monitor-web] [           main] com.dawei.service.impl.RssServiceImpl    : A股公告保存成功：AStockRss(id=7242ad832f23475f985ea5000ba9a69a, artCode=AN202603181820625906, stockCode=300022, stockName=吉峰科技, title=吉峰科技:关于子公司签署战略合作协议的公告, tag=签订协议, link=https://data.eastmoney.com/notices/detail/300022/AN202603181820625906.html, pubDate=2026-03-18T19:11:13, createTime=2026-03-18T19:18:52.596258, eventType=资本动作, signalSide=中性, signalScore=36, clusterKey=资本动作|202603181900|子签署战略合作协议的, relatedTitles=null, eventCount=null, rawNoticeCount=null, analysisHint=null, clusterHighlights=null)
2026-03-18T19:18:53.002+08:00  INFO 83300 --- [us-stock-monitor-web] [           main] com.dawei.service.impl.RssServiceImpl    : A股公告保存成功：AStockRss(id=d87e777dd3fa4b78a679296932e3aeb9, artCode=AN202603181820625871, stockCode=600234, stockName=科新发展, title=科新发展:山西科新发展股份有限公司收购报告书摘要, tag=要约收购报告书摘要, link=https://data.eastmoney.com/notices/detail/600234/AN202603181820625871.html, pubDate=2026-03-18T19:08:44, createTime=2026-03-18T19:18:52.849224, eventType=并购重组, signalSide=利多, signalScore=72, clusterKey=并购重组|202603181900|山西科新发展收购, relatedTitles=null, eventCount=null, rawNoticeCount=null, analysisHint=null, clusterHighlights=null)
2026-03-18T19:18:53.093+08:00  INFO 83300 --- [us-stock-monitor-web] [           main] com.dawei.service.impl.RssServiceImpl    : A股公告保存成功：AStockRss(id=0067e9775e154fd690e7290558b09931, artCode=AN202603181820625742, stockCode=600119, stockName=长江投资, title=长江投资:长江投资关于公司涉及诉讼的进展公告, tag=诉讼仲裁, link=https://data.eastmoney.com/notices/detail/600119/AN202603181820625742.html, pubDate=2026-03-18T19:04:53, createTime=2026-03-18T19:18:53.050643, eventType=诉讼仲裁, signalSide=利空, signalScore=62, clusterKey=诉讼仲裁|202603181900|长江投资涉及诉讼的, relatedTitles=null, eventCount=null, rawNoticeCount=null, analysisHint=null, clusterHighlights=null)
2026-03-18T19:18:53.266+08:00  INFO 83300 --- [us-stock-monitor-web] [           main] com.dawei.service.impl.RssServiceImpl    : A股公告保存成功：AStockRss(id=241e52319f2a4a78b52e5d2f68b4f698, artCode=AN202603181820625455, stockCode=601136, stockName=首创证券, title=首创证券:关于国有股份无偿划转完成过户登记的公告, tag=股权转让, link=https://data.eastmoney.com/notices/detail/601136/AN202603181820625455.html, pubDate=2026-03-18T18:45:11, createTime=2026-03-18T19:18:53.093411, eventType=常规事项, signalSide=中性, signalScore=20, clusterKey=常规事项|202603181845|国有股份无偿划转完成过户登记的, relatedTitles=null, eventCount=null, rawNoticeCount=null, analysisHint=null, clusterHighlights=null)
2026-03-18T19:18:53.572+08:00  INFO 83300 --- [us-stock-monitor-web] [           main] com.dawei.service.impl.RssServiceImpl    : A股公告保存成功：AStockRss(id=07dacced468a4174a153a6a94e1a8bac, artCode=AN202603181820625452, stockCode=000004, stockName=*ST国华, title=*ST国华:股票交易异常波动公告, tag=股票交易异常波动, link=https://data.eastmoney.com/notices/detail/000004/AN202603181820625452.html, pubDate=2026-03-18T18:45:08, createTime=2026-03-18T19:18:53.266998, eventType=退市风险, signalSide=利空, signalScore=84, clusterKey=退市风险|202603181845|股票交易异常波动, relatedTitles=null, eventCount=null, rawNoticeCount=null, analysisHint=null, clusterHighlights=null)
2026-03-18T19:18:53.755+08:00  INFO 83300 --- [us-stock-monitor-web] [           main] com.dawei.service.impl.RssServiceImpl    : A股公告保存成功：AStockRss(id=90e0093e34f246dcad2f899124f41f92, artCode=AN202603181820625359, stockCode=600537, stockName=亿晶光电, title=亿晶光电:亿晶光电科技股份有限公司关于累计诉讼、仲裁情况的公告, tag=诉讼仲裁, link=https://data.eastmoney.com/notices/detail/600537/AN202603181820625359.html, pubDate=2026-03-18T18:40:52, createTime=2026-03-18T19:18:53.588930, eventType=诉讼仲裁, signalSide=利空, signalScore=72, clusterKey=诉讼仲裁|202603181830|亿晶光电科技累计诉讼仲裁情况的, relatedTitles=null, eventCount=null, rawNoticeCount=null, analysisHint=null, clusterHighlights=null)
2026-03-18T19:18:54.197+08:00  INFO 83300 --- [us-stock-monitor-web] [           main] com.dawei.service.impl.RssServiceImpl    : A股公告保存成功：AStockRss(id=ae349cd6d6fc4bd5b18608bec766f57d, artCode=AN202603181820625336, stockCode=603683, stockName=晶华新材, title=晶华新材:晶华新材股权激励部分限制性股票回购注销实施公告, tag=回购实施公告, link=https://data.eastmoney.com/notices/detail/603683/AN202603181820625336.html, pubDate=2026-03-18T18:38:41, createTime=2026-03-18T19:18:53.767728, eventType=回购增持, signalSide=利多, signalScore=62, clusterKey=回购增持|202603181830|晶华新材股权激励部分限制性股票回购注销实施, relatedTitles=null, eventCount=null, rawNoticeCount=null, analysisHint=null, clusterHighlights=null)
